c:\users\taehun\desktop\소스\prog\source\marso\marso\release\marso.pch
c:\users\taehun\desktop\소스\prog\source\marso\marso\release\vc142.pdb
c:\users\taehun\desktop\소스\prog\source\marso\marso\release\stdafx.obj
c:\users\taehun\desktop\소스\prog\source\marso\marso\release\lazer.obj
c:\users\taehun\desktop\소스\prog\source\marso\marso\release\lastboss2.obj
c:\users\taehun\desktop\소스\prog\source\marso\marso\release\lastboss1.obj
c:\users\taehun\desktop\소스\prog\source\marso\marso\release\item.obj
c:\users\taehun\desktop\소스\prog\source\marso\marso\release\introscene.obj
c:\users\taehun\desktop\소스\prog\source\marso\marso\release\input.obj
c:\users\taehun\desktop\소스\prog\source\marso\marso\release\hp_ui.obj
c:\users\taehun\desktop\소스\prog\source\marso\marso\release\flightenemy.obj
c:\users\taehun\desktop\소스\prog\source\marso\marso\release\entry.obj
c:\users\taehun\desktop\소스\prog\source\marso\marso\release\endingscene.obj
c:\users\taehun\desktop\소스\prog\source\marso\marso\release\effect.obj
c:\users\taehun\desktop\소스\prog\source\marso\marso\release\divideenemy.obj
c:\users\taehun\desktop\소스\prog\source\marso\marso\release\director.obj
c:\users\taehun\desktop\소스\prog\source\marso\marso\release\dashenemy.obj
c:\users\taehun\desktop\소스\prog\source\marso\marso\release\collisionmgr.obj
c:\users\taehun\desktop\소스\prog\source\marso\marso\release\bullet.obj
c:\users\taehun\desktop\소스\prog\source\marso\marso\release\background.obj
c:\users\taehun\desktop\소스\prog\source\marso\marso\release\app.obj
c:\users\taehun\desktop\소스\prog\source\marso\marso\release\animation.obj
c:\users\taehun\desktop\소스\prog\source\marso\marso\release\addon.obj
c:\users\taehun\desktop\소스\prog\source\marso\marso\release\unit.obj
c:\users\taehun\desktop\소스\prog\source\marso\marso\release\texturemgr.obj
c:\users\taehun\desktop\소스\prog\source\marso\marso\release\texture.obj
c:\users\taehun\desktop\소스\prog\source\marso\marso\release\straightenemy.obj
c:\users\taehun\desktop\소스\prog\source\marso\marso\release\stage2.obj
c:\users\taehun\desktop\소스\prog\source\marso\marso\release\stage1.obj
c:\users\taehun\desktop\소스\prog\source\marso\marso\release\sprite.obj
c:\users\taehun\desktop\소스\prog\source\marso\marso\release\score.obj
c:\users\taehun\desktop\소스\prog\source\marso\marso\release\scene.obj
c:\users\taehun\desktop\소스\prog\source\marso\marso\release\ranking.obj
c:\users\taehun\desktop\소스\prog\source\marso\marso\release\progress.obj
c:\users\taehun\desktop\소스\prog\source\marso\marso\release\ourhero.obj
c:\users\taehun\desktop\소스\prog\source\marso\marso\release\objectpool.obj
c:\users\taehun\desktop\소스\prog\source\marso\marso\release\node.obj
c:\users\taehun\desktop\소스\prog\source\marso\marso\release\missile.obj
c:\users\taehun\desktop\소스\prog\source\marso\marso\release\middleboss2.obj
c:\users\taehun\desktop\소스\prog\source\marso\marso\release\middleboss1.obj
c:\users\taehun\desktop\소스\prog\source\marso\marso\release\meteor.obj
c:\users\taehun\desktop\소스\prog\source\marso\marso\release\mainscene.obj
c:\users\taehun\desktop\소스\prog\source\marso\release\marso.exe
c:\users\taehun\desktop\소스\prog\source\marso\release\marso.pdb
c:\users\taehun\desktop\소스\prog\source\marso\release\marso.ipdb
c:\users\taehun\desktop\소스\prog\source\marso\release\marso.iobj
c:\users\taehun\desktop\소스\prog\source\marso\marso\release\gameoverscene.obj
c:\users\taehun\desktop\소스\prog\source\marso\marso\release\vc141.pdb
c:\users\taehun\desktop\소스\prog\source\marso\marso\release\marso.tlog\cl.command.1.tlog
c:\users\taehun\desktop\소스\prog\source\marso\marso\release\marso.tlog\cl.read.1.tlog
c:\users\taehun\desktop\소스\prog\source\marso\marso\release\marso.tlog\cl.write.1.tlog
c:\users\taehun\desktop\소스\prog\source\marso\marso\release\marso.tlog\link.command.1.tlog
c:\users\taehun\desktop\소스\prog\source\marso\marso\release\marso.tlog\link.delete.1.tlog
c:\users\taehun\desktop\소스\prog\source\marso\marso\release\marso.tlog\link.read.1.tlog
c:\users\taehun\desktop\소스\prog\source\marso\marso\release\marso.tlog\link.write.1.tlog
c:\users\taehun\desktop\소스\prog\source\marso\marso\release\marso.tlog\marso.write.1u.tlog
