  BackGround.cpp
C:\Users\taehun\Desktop\소스\Prog\Source\Marso\Marso\BackGround.cpp(69,35): warning C4244:  '=': 'FLOAT'에서 'int'(으)로 변환하면서 데이터가 손실될 수 있습니다.
C:\Users\taehun\Desktop\소스\Prog\Source\Marso\Marso\BackGround.cpp(99,27): warning C4244:  '인수': 'int'에서 'float'(으)로 변환하면서 데이터가 손실될 수 있습니다.
C:\Users\taehun\Desktop\소스\Prog\Source\Marso\Marso\BackGround.cpp(99,16): warning C4244:  '인수': 'int'에서 'float'(으)로 변환하면서 데이터가 손실될 수 있습니다.
C:\Users\taehun\Desktop\소스\Prog\Source\Marso\Marso\BackGround.cpp(104,29): warning C4244:  '인수': 'int'에서 'float'(으)로 변환하면서 데이터가 손실될 수 있습니다.
C:\Users\taehun\Desktop\소스\Prog\Source\Marso\Marso\BackGround.cpp(104,18): warning C4244:  '인수': 'int'에서 'float'(으)로 변환하면서 데이터가 손실될 수 있습니다.
  Sprite.cpp
  Stage1.cpp
C:\Users\taehun\Desktop\소스\Prog\Source\Marso\Marso\BackGround.cpp(105,18): warning C4244:  '인수': 'int'에서 'float'(으)로 변환하면서 데이터가 손실될 수 있습니다.
C:\Users\taehun\Desktop\소스\Prog\Source\Marso\Marso\Stage1.cpp(77,23): warning C4244:  '인수': 'float'에서 'int'(으)로 변환하면서 데이터가 손실될 수 있습니다.
C:\Users\taehun\Desktop\소스\Prog\Source\Marso\Marso\Stage1.cpp(89,21): warning C4244:  '인수': 'float'에서 'int'(으)로 변환하면서 데이터가 손실될 수 있습니다.
C:\Users\taehun\Desktop\소스\Prog\Source\Marso\Marso\Stage1.cpp(104,37): warning C4244:  '인수': 'int'에서 'float'(으)로 변환하면서 데이터가 손실될 수 있습니다.
C:\Users\taehun\Desktop\소스\Prog\Source\Marso\Marso\Stage1.cpp(258,32): warning C4244:  '인수': 'int'에서 'float'(으)로 변환하면서 데이터가 손실될 수 있습니다.
C:\Users\taehun\Desktop\소스\Prog\Source\Marso\Marso\Stage1.cpp(265,36): warning C4244:  '인수': 'int'에서 'float'(으)로 변환하면서 데이터가 손실될 수 있습니다.
C:\Users\taehun\Desktop\소스\Prog\Source\Marso\Marso\Stage1.cpp(273,26): warning C4244:  '인수': 'int'에서 'FLOAT'(으)로 변환하면서 데이터가 손실될 수 있습니다.
C:\Users\taehun\Desktop\소스\Prog\Source\Marso\Marso\Stage1.cpp(273,23): warning C4244:  '인수': 'int'에서 'FLOAT'(으)로 변환하면서 데이터가 손실될 수 있습니다.
C:\Users\taehun\Desktop\소스\Prog\Source\Marso\Marso\Stage1.cpp(283,24): warning C4244:  '인수': 'int'에서 'FLOAT'(으)로 변환하면서 데이터가 손실될 수 있습니다.
C:\Users\taehun\Desktop\소스\Prog\Source\Marso\Marso\Stage1.cpp(283,21): warning C4244:  '인수': 'int'에서 'FLOAT'(으)로 변환하면서 데이터가 손실될 수 있습니다.
  코드를 생성하고 있습니다.
  23 of 750 functions ( 3.1%) were compiled, the rest were copied from previous compilation.
    0 functions were new in current compilation
    17 functions had inline decision re-evaluated but remain unchanged
  코드를 생성했습니다.
  Marso.vcxproj -> C:\Users\taehun\Desktop\소스\Prog\Source\Marso\Release\Marso.exe
